C51 COMPILER V9.60.0.0   ASANSOR                                                           07/10/2020 17:41:58 PAGE 1   


C51 COMPILER V9.60.0.0, COMPILATION OF MODULE ASANSOR
OBJECT MODULE PLACED IN asansor.OBJ
COMPILER INVOKED BY: C:\Keil_v5\C51\BIN\C51.EXE asansor.c OPTIMIZE(8,SPEED) BROWSE DEBUG OBJECTEXTEND TABS(2)

line level    source

   1          #include <REG51.H>
   2          #include <stdio.h>
   3          
   4          int kat,tur,hiz;
   5          
   6          tur=10;   
   7          hiz=10;     
   8          
   9          bekle(c)
  10          {
  11   1      int i,j;
  12   1      if(c==0)
  13   1      {
  14   2      for(i=0;i<500;i++)
  15   2      {
  16   3      for(j=0;j<hiz;j++)
  17   3      {
  18   4      ;
  19   4      }
  20   3      }
  21   2      }
  22   1      return;
  23   1      }
  24          
  25          yukari(b)
  26          {
  27   1      int i,j;
  28   1      for (i=1;i<=b;i++)
  29   1      {
  30   2      
  31   2      for (j=0;j<=10;j++)
  32   2      {
  33   3      P3=1;
  34   3      bekle(0);
  35   3      P3=2;
  36   3      bekle(0);
  37   3      P3=4;
  38   3      bekle(0);
  39   3      P3=8;
  40   3      bekle(0);
  41   3      }
  42   2      P2=kat+i;
  43   2      }
  44   1      kat=kat+b;
  45   1      return;
  46   1      }
  47          asagi(b)
  48          {
  49   1      int i,j;
  50   1      for (i=1;i<=b;i++)
  51   1      {
  52   2      for (j=0;j<=tur;j++)
  53   2      {
  54   3      P3=8;
  55   3      bekle(0);
C51 COMPILER V9.60.0.0   ASANSOR                                                           07/10/2020 17:41:58 PAGE 2   

  56   3      P3=4;
  57   3      bekle(0);
  58   3      P3=2;
  59   3      bekle(0);
  60   3      P3=1;
  61   3      bekle(0);
  62   3      }
  63   2      P2=kat-i;
  64   2      }
  65   1      kat=kat-b;
  66   1      return;
  67   1      }
  68          
  69          
  70          
  71          kontrol(a)
  72          {
  73   1      int fark;
  74   1      if(a>kat)
  75   1      {
  76   2      fark=a-kat;
  77   2      yukari(fark);
  78   2      }
  79   1      
  80   1      if(a<kat)
  81   1      {
  82   2      fark=kat-a;
  83   2      asagi(fark);
  84   2      }
  85   1      return;
  86   1      }
  87          
  88          
  89          main()
  90          {
  91   1      int kat1;
  92   1      kat=0;
  93   1      P2=kat;
  94   1      while(1)
  95   1      {
  96   2      if(P0==1)
  97   2      {
  98   3      kat1=1;
  99   3      kontrol(1);
 100   3      }
 101   2      
 102   2      if(P0==2)
 103   2      {
 104   3      kat1=2;
 105   3      kontrol(2);
 106   3      }
 107   2      
 108   2      if(P0==4)
 109   2      {
 110   3      kat1=3;
 111   3      kontrol(3);
 112   3      }
 113   2      
 114   2      if(P0==8)
 115   2      {
 116   3      kat1=4;
 117   3      kontrol(4);
C51 COMPILER V9.60.0.0   ASANSOR                                                           07/10/2020 17:41:58 PAGE 3   

 118   3      }
 119   2      
 120   2      if(P0==16)
 121   2      {
 122   3      kat1=5;
 123   3      kontrol(5);
 124   3      }
 125   2      }
 126   1      }
*** WARNING C290 IN LINE 23 OF asansor.c: missing return value
*** WARNING C290 IN LINE 46 OF asansor.c: missing return value
*** WARNING C290 IN LINE 67 OF asansor.c: missing return value
*** WARNING C290 IN LINE 86 OF asansor.c: missing return value


MODULE INFORMATION:   STATIC OVERLAYABLE
   CODE SIZE        =    412    ----
   CONSTANT SIZE    =   ----    ----
   XDATA SIZE       =   ----    ----
   PDATA SIZE       =   ----    ----
   DATA SIZE        =      6      10
   IDATA SIZE       =   ----    ----
   BIT SIZE         =   ----    ----
END OF MODULE INFORMATION.


C51 COMPILATION COMPLETE.  4 WARNING(S),  0 ERROR(S)
